<?xml version="1.0" encoding="UTF-8"?>
<testsuite name="com.bridgelabz.MoodAnalyserTest" tests="1" skipped="0" failures="0" errors="0" timestamp="2021-08-08T16:11:19" hostname="DESKTOP-1HA67S6" time="0.011">
  <properties/>
  <testcase name="testMoodAnalyser" classname="com.bridgelabz.MoodAnalyserTest" time="0.011"/>
  <system-out><![CDATA[]]></system-out>
  <system-err><![CDATA[]]></system-err>
</testsuite>
